<?xml version="1.0" encoding="UTF-8"?>
<!-- Generated by org.testng.reporters.JUnitReportReporter -->
<testsuite hostname="DESKTOP-8N8KE3D" name="Testing.NewTest" tests="1" failures="0" timestamp="22 Feb 2020 06:38:38 GMT" time="0.015" errors="0">
  <testcase name="f" time="0.015" classname="Testing.NewTest"/>
</testsuite> <!-- Testing.NewTest -->
